<?xml version="1.0" encoding="UTF-8"?>
<!-- Generated by org.testng.reporters.JUnitXMLReporter -->
<testsuite hostname="DESKTOP-BV7VD2R" ignored="0" name="Surefire test" tests="3" failures="0" timestamp="27 Feb 2019 00:36:16 GMT" time="0.04" errors="0">
  <testcase name="InteractbyCSS" time="0.01" classname="MyProject.SeleniumTest"/>
  <testcase name="Logoff" time="0.0" classname="MyProject.SeleniumTest"/>
  <testcase name="login" time="0.0" classname="MyProject.SeleniumTest"/>
</testsuite> <!-- Surefire test -->
