<?xml version="1.0" encoding="UTF-8"?>
<!-- Generated by org.testng.reporters.JUnitXMLReporter -->
<testsuite hostname="DESKTOP-BV7VD2R" ignored="0" name="Default test" tests="3" failures="0" timestamp="11 Mar 2019 00:39:55 GMT" time="0.079" errors="0">
  <testcase name="InteractbyCSS" time="0.014" classname="MyProject.SeleniumTest"/>
  <testcase name="Logoff" time="0.003" classname="MyProject.SeleniumTest"/>
  <testcase name="login" time="0.007" classname="MyProject.SeleniumTest"/>
</testsuite> <!-- Default test -->
