<?xml version="1.0" encoding="UTF-8"?>
<!-- Generated by org.testng.reporters.JUnitXMLReporter -->
<testsuite hostname="DESKTOP-BV7VD2R" ignored="0" name="Command line test" tests="8" failures="0" timestamp="27 Feb 2019 00:07:03 GMT" time="0.061" errors="0">
  <testcase name="MobileLogoff" time="0.007" classname="MyProject.AppiumTest"/>
  <testcase name="MobileSite" time="0.001" classname="MyProject.AppiumTest"/>
  <testcase name="Mobilelogin" time="0.0" classname="MyProject.AppiumTest"/>
  <testcase name="RestfulService" time="0.0" classname="MyProject.RestAPITest"/>
  <testcase name="hitservice" time="0.002" classname="MyProject.RestAPITest"/>
  <testcase name="InteractbyCSS" time="0.0" classname="MyProject.SeleniumTest"/>
  <testcase name="Logoff" time="0.0" classname="MyProject.SeleniumTest"/>
  <testcase name="login" time="0.001" classname="MyProject.SeleniumTest"/>
</testsuite> <!-- Command line test -->
