<?xml version="1.0" encoding="UTF-8"?>
<!-- Generated by org.testng.reporters.JUnitXMLReporter -->
<testsuite hostname="DESKTOP-BV7VD2R" ignored="0" name="Test" tests="8" failures="0" timestamp="27 Feb 2019 00:58:44 GMT" time="0.058" errors="0">
  <testcase name="InteractbyCSS" time="0.009" classname="MyProject.SeleniumTest"/>
  <testcase name="Logoff" time="0.003" classname="MyProject.SeleniumTest"/>
  <testcase name="login" time="0.0" classname="MyProject.SeleniumTest"/>
  <testcase name="RestfulService" time="0.0" classname="MyProject.RestAPITest"/>
  <testcase name="hitservice" time="0.0" classname="MyProject.RestAPITest"/>
  <testcase name="MobileLogoff" time="0.001" classname="MyProject.AppiumTest"/>
  <testcase name="MobileSite" time="0.003" classname="MyProject.AppiumTest"/>
  <testcase name="Mobilelogin" time="0.001" classname="MyProject.AppiumTest"/>
</testsuite> <!-- Test -->
