<?xml version="1.0" encoding="UTF-8"?>
<testng-results skipped="0" failed="0" ignored="0" total="3" passed="3">
  <reporter-output>
  </reporter-output>
  <suite name="Default suite" duration-ms="79" started-at="2019-03-11T00:39:55Z" finished-at="2019-03-11T00:39:55Z">
    <groups>
    </groups>
    <test name="Default test" duration-ms="79" started-at="2019-03-11T00:39:55Z" finished-at="2019-03-11T00:39:55Z">
      <class name="MyProject.SeleniumTest">
        <test-method status="PASS" signature="InteractbyCSS()[pri:0, instance:MyProject.SeleniumTest@c038203]" name="InteractbyCSS" duration-ms="14" started-at="2019-03-11T00:39:55Z" finished-at="2019-03-11T00:39:55Z">
          <reporter-output>
          </reporter-output>
        </test-method> <!-- InteractbyCSS -->
        <test-method status="PASS" signature="Logoff()[pri:0, instance:MyProject.SeleniumTest@c038203]" name="Logoff" duration-ms="3" started-at="2019-03-11T00:39:55Z" finished-at="2019-03-11T00:39:55Z">
          <reporter-output>
          </reporter-output>
        </test-method> <!-- Logoff -->
        <test-method status="PASS" signature="login()[pri:0, instance:MyProject.SeleniumTest@c038203]" name="login" duration-ms="7" started-at="2019-03-11T00:39:55Z" finished-at="2019-03-11T00:39:55Z">
          <reporter-output>
          </reporter-output>
        </test-method> <!-- login -->
      </class> <!-- MyProject.SeleniumTest -->
    </test> <!-- Default test -->
  </suite> <!-- Default suite -->
</testng-results>
